2018-06-05 17:09:41|| Training begin! 
epoch | Train Loss | Train Acc | Val Loss | Val Acc 
  0 0.282141 0.290309 0.166398 0.506667 
  1 0.105513 0.732784 0.075171 0.833333 
  2 0.053125 0.873402 0.053365 0.843333 
  3 0.036267 0.909691 0.049284 0.840000 
  4 0.030776 0.927423 0.048735 0.833333 
  5 0.011970 0.981031 0.011992 0.963333 
  6 0.006286 0.994639 0.010845 0.956667 
  7 0.005987 0.993814 0.010581 0.983333 
  8 0.006144 0.996289 0.009980 0.973333 
  9 0.006196 0.993814 0.009516 0.963333 
 10 0.004826 0.996289 0.006598 0.980000 
 11 0.003323 0.999175 0.006523 0.976667 
 12 0.003593 0.999175 0.005814 0.983333 
 13 0.003898 0.998763 0.006833 0.986667 
 14 0.003355 0.999175 0.005998 0.986667 
 15 0.002850 1.000000 0.007463 0.980000 
 16 0.003179 0.999175 0.007645 0.980000 
 17 0.003499 0.997938 0.008128 0.980000 
 18 0.003378 0.998763 0.008692 0.980000 
 19 0.003174 0.998763 0.006620 0.986667 
 20 0.002469 0.999588 0.006774 0.983333 
 21 0.002502 0.999588 0.006267 0.983333 
 22 0.002593 0.999175 0.006232 0.983333 
 23 0.002392 0.999588 0.006700 0.980000 
 24 0.002578 0.999588 0.007339 0.983333 
 25 0.002234 1.000000 0.005602 0.986667 
 26 0.002374 0.999588 0.006535 0.983333 
 27 0.002316 1.000000 0.006236 0.983333 
 28 0.002222 1.000000 0.006895 0.983333 
 29 0.002679 1.000000 0.006846 0.983333 
 30 0.002333 1.000000 0.006682 0.983333 
 31 0.001976 0.999588 0.006348 0.983333 
 32 0.001914 1.000000 0.006047 0.986667 
 33 0.002409 0.999588 0.006370 0.983333 
 34 0.002335 0.999588 0.005803 0.986667 
 35 0.002013 1.000000 0.006330 0.980000 
 36 0.001910 1.000000 0.006030 0.986667 
 37 0.001836 1.000000 0.006524 0.983333 
 38 0.002217 1.000000 0.006496 0.983333 
 39 0.001669 1.000000 0.006785 0.986667 
 40 0.002059 1.000000 0.006346 0.983333 
 41 0.002204 1.000000 0.006878 0.986667 
 42 0.001651 1.000000 0.006032 0.986667 
 43 0.002357 0.999588 0.006774 0.983333 
 44 0.001678 1.000000 0.006132 0.986667 
 45 0.002131 1.000000 0.006370 0.983333 
 46 0.002339 1.000000 0.006673 0.983333 
 47 0.001969 1.000000 0.006383 0.986667 
 48 0.002268 0.999588 0.006108 0.983333 
 49 0.002131 0.999588 0.006685 0.986667 
2018-06-05 21:30:08|| Training begin! 
epoch | Train Loss | Train Acc | Val Loss | Val Acc 
  0 0.278930 0.288807
2018-06-05 21:35:18|| Training begin! 
epoch | Train Loss | Train Acc | Val Loss | Val Acc 
  0 0.188263 0.292844
  1 0.062798 0.767706
  2 0.027236 0.902752
  3 0.017791 0.940550
  4 0.014264 0.950459
  5 0.005080 0.990459
  6 0.002189 0.997431
  7 0.001891 0.997431
  8 0.001688 0.997798
  9 0.001420 0.999266
 10 0.001182 0.998532
 11 0.000860 1.000000
 12 0.001009 0.998899
 13 0.000916 0.999633
 14 0.000785 1.000000
 15 0.000799 1.000000
 16 0.001012 0.999266
 17 0.000824 1.000000
 18 0.000853 0.999633
 19 0.001012 0.999266
 20 0.000663 0.999633
 21 0.000545 0.999633
 22 0.000517 1.000000
 23 0.000533 1.000000
 24 0.000513 1.000000
 25 0.000562 1.000000
 26 0.000690 0.999633
 27 0.000526 1.000000
 28 0.000578 0.999633
 29 0.000520 1.000000
 30 0.000442 1.000000
 31 0.000510 1.000000
 32 0.000505 1.000000
 33 0.000384 1.000000
 34 0.000495 1.000000
 35 0.000450 1.000000
 36 0.000462 0.999633
 37 0.000458 1.000000
 38 0.000399 0.999633
 39 0.000402 1.000000
 40 0.000474 1.000000
 41 0.000428 1.000000
 42 0.000391 1.000000
 43 0.000386 1.000000
 44 0.000380 1.000000
 45 0.000327 1.000000
 46 0.000386 1.000000
 47 0.000360 1.000000
 48 0.000353 1.000000
 49 0.000371 1.000000
