2018-06-06 10:48:38|| Training begin! 
epoch | Train Loss | Train Acc | Val Loss | Val Acc 
2018-06-06 10:48:54|| Training begin! 
epoch | Train Loss | Train Acc | Val Loss | Val Acc 
2018-06-06 10:49:39|| Training begin! 
epoch | Train Loss | Train Acc | Val Loss | Val Acc 
  0 0.628049 0.300917
  1 0.193089 0.771009
2018-06-06 11:24:03|| Training begin! 
epoch | Train Loss | Train Acc | Val Loss | Val Acc 
  0 0.665909 0.274227 0.356945 0.530000 
  1 0.223909 0.731134 0.160706 0.830000 
  2 0.112365 0.880412 0.085614 0.886667 
  3 0.089308 0.903093 0.082549 0.880000 
  4 0.075185 0.918763 0.114469 0.873333 
  5 0.022127 0.983918 0.011797 0.986667 
  6 0.008275 0.997526 0.018230 0.980000 
  7 0.015223 0.986804 0.019183 0.980000 
  8 0.022588 0.982268 0.018743 0.973333 
  9 0.017644 0.988041 0.038629 0.953333 
 10 0.005987 0.996289 0.007595 0.996667 
 11 0.004114 0.996701 0.007975 0.993333 
 12 0.003551 0.997526 0.009602 0.990000 
 13 0.003597 0.997938 0.009598 0.993333 
 14 0.003523 0.997938 0.023007 0.993333 
 15 0.006544 0.995052 0.011074 0.990000 
 16 0.004820 0.997938 0.011086 0.990000 
 17 0.006184 0.997113 0.025405 0.983333 
 18 0.004693 0.998763 0.017601 0.983333 
 19 0.007160 0.995464 0.011331 0.983333 
 20 0.003812 0.998763 0.006050 0.990000 
 21 0.001746 1.000000 0.008198 0.990000 
 22 0.001535 1.000000 0.008271 0.993333 
 23 0.001175 1.000000 0.004570 0.993333 
 24 0.001353 1.000000 0.014832 0.990000 
 25 0.002546 0.999175 0.007013 0.993333 
 26 0.003173 0.998763 0.003931 0.996667 
 27 0.003312 0.998763 0.005842 0.996667 
 28 0.002309 1.000000 0.008130 0.996667 
 29 0.002269 1.000000 0.007840 0.996667 
 30 0.001981 0.999588 0.010703 0.993333 
 31 0.001564 1.000000 0.013576 0.993333 
 32 0.001341 1.000000 0.007622 0.993333 
2018-06-06 19:58:47|| Training begin! 
epoch | Train Loss | Train Acc | Val Loss | Val Acc 
  0 0.597816 0.349358
  1 0.179334 0.789725
  2 0.098970 0.892110
  3 0.088135 0.907890
  4 0.070254 0.932110
  5 0.018442 0.990092
  6 0.009296 0.993761
  7 0.015849 0.989725
  8 0.020758 0.984587
  9 0.022392 0.983486
 10 0.005191 0.998165
 11 0.004477 0.998165
 12 0.002936 0.998899
 13 0.003345 0.999266
 14 0.003972 0.998899
 15 0.004469 0.999266
 16 0.005886 0.998165
 17 0.008273 0.993761
 18 0.006093 0.997064
 19 0.004622 0.999266
 20 0.002739 0.999633
2018-06-07 02:14:03|| Training begin! 
epoch | Train Loss | Train Acc | Val Loss | Val Acc 
  0 0.650853 0.290275
  1 0.210059 0.743119
  2 0.114902 0.873761
  3 0.080297 0.918532
  4 0.078868 0.920367
  5 0.021697 0.985321
  6 0.012462 0.992294
  7 0.011003 0.992294
  8 0.024451 0.979817
  9 0.017267 0.985321
 10 0.006394 0.997064
 11 0.003314 0.999266
 12 0.003503 0.999266
 13 0.002708 0.999633
 14 0.005567 0.997064
 15 0.005530 0.997798
 16 0.006381 0.997064
 17 0.007654 0.995963
 18 0.004365 0.999633
 19 0.007420 0.996697
 20 0.003487 1.000000
 21 0.002360 0.999633
 22 0.001779 1.000000
 23 0.001926 1.000000
 24 0.001985 1.000000
 25 0.002837 0.999633
 26 0.002891 0.999633
 27 0.002694 1.000000
 28 0.001759 1.000000
 29 0.003222 0.999266
 30 0.001935 1.000000
 31 0.001517 1.000000
 32 0.001551 1.000000
 33 0.001713 0.999633
 34 0.001549 1.000000
 35 0.001461 1.000000
 36 0.002087 1.000000
 37 0.001763 1.000000
 38 0.001562 1.000000
 39 0.002276 0.999633
 40 0.001411 1.000000
 41 0.001639 1.000000
 42 0.001359 1.000000
 43 0.001280 1.000000
 44 0.001229 1.000000
 45 0.001747 1.000000
 46 0.001277 1.000000
 47 0.001640 1.000000
 48 0.001272 1.000000
 49 0.001185 1.000000
2018-06-07 16:44:10|| Training begin! 
epoch | Train Loss | Train Acc | Val Loss | Val Acc 
2018-06-07 22:34:39|| Training begin! 
epoch | Train Loss | Train Acc | Val Loss | Val Acc 
  0 0.606457 0.338349
  1 0.172343 0.799266
  2 0.106242 0.881835
  3 0.075028 0.919266
  4 0.074429 0.927706
  5 0.017444 0.988257
  6 0.010481 0.992661
  7 0.012497 0.991193
  8 0.023176 0.983853
  9 0.013510 0.990826
 10 0.005715 0.996697
 11 0.003200 0.998532
 12 0.003315 0.998899
 13 0.005848 0.996330
 14 0.007157 0.994495
 15 0.004864 0.997798
 16 0.003984 0.998899
 17 0.005349 0.997064
 18 0.006656 0.998532
 19 0.005010 0.998899
 20 0.002622 1.000000
 21 0.002291 0.999633
 22 0.001918 0.999633
 23 0.001595 1.000000
 24 0.001942 0.999633
 25 0.001904 1.000000
 26 0.003218 0.999633
 27 0.002158 1.000000
 28 0.002257 1.000000
 29 0.002333 1.000000
 30 0.001964 0.999633
 31 0.001586 1.000000
 32 0.001348 1.000000
 33 0.001673 1.000000
 34 0.001408 1.000000
 35 0.002001 0.999266
 36 0.001966 1.000000
